{"C:\\react-course-dec-2022\\spark-clothing-shop\\src\\App.js": {"path":"C:\\react-course-dec-2022\\spark-clothing-shop\\src\\App.js","statementMap":{"0":{"start":{"line":7,"column":2},"end":{"line":19,"column":4}}},"fnMap":{"0":{"name":"App","decl":{"start":{"line":6,"column":9},"end":{"line":6,"column":12}},"loc":{"start":{"line":6,"column":15},"end":{"line":20,"column":1}},"line":6}},"branchMap":{},"s":{"0":1},"f":{"0":1},"b":{},"_coverageSchema":"1a1c01bbd47fc00a2c39e90264f33305004495a9","hash":"2c7ac695123e3a3094b98b9c992cee19db46c808"}
,"C:\\react-course-dec-2022\\spark-clothing-shop\\src\\components\\Footer\\Footer.js": {"path":"C:\\react-course-dec-2022\\spark-clothing-shop\\src\\components\\Footer\\Footer.js","statementMap":{"0":{"start":{"line":12,"column":15},"end":{"line":94,"column":1}},"1":{"start":{"line":13,"column":22},"end":{"line":13,"column":26}},"2":{"start":{"line":15,"column":22},"end":{"line":32,"column":3}},"3":{"start":{"line":34,"column":2},"end":{"line":93,"column":4}},"4":{"start":{"line":84,"column":12},"end":{"line":88,"column":18}},"5":{"start":{"line":97,"column":0},"end":{"line":99,"column":2}}},"fnMap":{"0":{"name":"(anonymous_0)","decl":{"start":{"line":12,"column":15},"end":{"line":12,"column":16}},"loc":{"start":{"line":12,"column":32},"end":{"line":94,"column":1}},"line":12},"1":{"name":"(anonymous_1)","decl":{"start":{"line":83,"column":27},"end":{"line":83,"column":28}},"loc":{"start":{"line":84,"column":12},"end":{"line":88,"column":18}},"line":84}},"branchMap":{},"s":{"0":2,"1":3,"2":3,"3":3,"4":12,"5":2},"f":{"0":3,"1":12},"b":{},"_coverageSchema":"1a1c01bbd47fc00a2c39e90264f33305004495a9","hash":"92019f0e0ae796ec8463ae75ab4bb9e98fe8ef40"}
,"C:\\react-course-dec-2022\\spark-clothing-shop\\src\\components\\Header\\Header.js": {"path":"C:\\react-course-dec-2022\\spark-clothing-shop\\src\\components\\Header\\Header.js","statementMap":{"0":{"start":{"line":7,"column":2},"end":{"line":57,"column":4}}},"fnMap":{"0":{"name":"Header","decl":{"start":{"line":6,"column":9},"end":{"line":6,"column":15}},"loc":{"start":{"line":6,"column":18},"end":{"line":58,"column":1}},"line":6}},"branchMap":{},"s":{"0":3},"f":{"0":3},"b":{},"_coverageSchema":"1a1c01bbd47fc00a2c39e90264f33305004495a9","hash":"cbb146a994d3df3e6e6c245ec5da33fd5dd127c5"}
,"C:\\react-course-dec-2022\\spark-clothing-shop\\src\\components\\NavbarMenu\\NavbarMenu.js": {"path":"C:\\react-course-dec-2022\\spark-clothing-shop\\src\\components\\NavbarMenu\\NavbarMenu.js","statementMap":{"0":{"start":{"line":5,"column":19},"end":{"line":65,"column":1}},"1":{"start":{"line":6,"column":18},"end":{"line":35,"column":3}},"2":{"start":{"line":37,"column":2},"end":{"line":64,"column":4}},"3":{"start":{"line":45,"column":10},"end":{"line":60,"column":15}}},"fnMap":{"0":{"name":"(anonymous_0)","decl":{"start":{"line":5,"column":19},"end":{"line":5,"column":20}},"loc":{"start":{"line":5,"column":25},"end":{"line":65,"column":1}},"line":5},"1":{"name":"(anonymous_1)","decl":{"start":{"line":44,"column":21},"end":{"line":44,"column":22}},"loc":{"start":{"line":45,"column":10},"end":{"line":60,"column":15}},"line":45}},"branchMap":{},"s":{"0":3,"1":5,"2":5,"3":20},"f":{"0":5,"1":20},"b":{},"_coverageSchema":"1a1c01bbd47fc00a2c39e90264f33305004495a9","hash":"05cb8357954b979d1cdaee174c5e93077d6353f6"}
,"C:\\react-course-dec-2022\\spark-clothing-shop\\src\\components\\PageNotFound\\PageNotFound.js": {"path":"C:\\react-course-dec-2022\\spark-clothing-shop\\src\\components\\PageNotFound\\PageNotFound.js","statementMap":{"0":{"start":{"line":6,"column":21},"end":{"line":28,"column":1}},"1":{"start":{"line":8,"column":17},"end":{"line":8,"column":30}},"2":{"start":{"line":11,"column":4},"end":{"line":11,"column":18}},"3":{"start":{"line":14,"column":2},"end":{"line":27,"column":4}}},"fnMap":{"0":{"name":"(anonymous_0)","decl":{"start":{"line":6,"column":21},"end":{"line":6,"column":22}},"loc":{"start":{"line":6,"column":27},"end":{"line":28,"column":1}},"line":6},"1":{"name":"handleNavigateToHome","decl":{"start":{"line":10,"column":11},"end":{"line":10,"column":31}},"loc":{"start":{"line":10,"column":34},"end":{"line":12,"column":3}},"line":10}},"branchMap":{},"s":{"0":3,"1":5,"2":1,"3":5},"f":{"0":5,"1":1},"b":{},"_coverageSchema":"1a1c01bbd47fc00a2c39e90264f33305004495a9","hash":"fc6ce65002ddea53c063365934c4f8709c53c55e"}
,"C:\\react-course-dec-2022\\spark-clothing-shop\\src\\components\\TabProducts\\TabProducts.js": {"path":"C:\\react-course-dec-2022\\spark-clothing-shop\\src\\components\\TabProducts\\TabProducts.js","statementMap":{"0":{"start":{"line":5,"column":20},"end":{"line":84,"column":1}},"1":{"start":{"line":6,"column":25},"end":{"line":25,"column":3}},"2":{"start":{"line":27,"column":23},"end":{"line":42,"column":3}},"3":{"start":{"line":44,"column":2},"end":{"line":83,"column":4}},"4":{"start":{"line":55,"column":12},"end":{"line":62,"column":18}},"5":{"start":{"line":67,"column":12},"end":{"line":76,"column":21}}},"fnMap":{"0":{"name":"(anonymous_0)","decl":{"start":{"line":5,"column":20},"end":{"line":5,"column":21}},"loc":{"start":{"line":5,"column":26},"end":{"line":84,"column":1}},"line":5},"1":{"name":"(anonymous_1)","decl":{"start":{"line":54,"column":30},"end":{"line":54,"column":31}},"loc":{"start":{"line":55,"column":12},"end":{"line":62,"column":18}},"line":55},"2":{"name":"(anonymous_2)","decl":{"start":{"line":66,"column":28},"end":{"line":66,"column":29}},"loc":{"start":{"line":67,"column":12},"end":{"line":76,"column":21}},"line":67}},"branchMap":{},"s":{"0":4,"1":8,"2":8,"3":8,"4":24,"5":16},"f":{"0":8,"1":24,"2":16},"b":{},"_coverageSchema":"1a1c01bbd47fc00a2c39e90264f33305004495a9","hash":"6e5fd0053ae3960ade6564a48dbafdc9b7a19612"}
,"C:\\react-course-dec-2022\\spark-clothing-shop\\src\\pages\\AboutPage\\AboutPage.js": {"path":"C:\\react-course-dec-2022\\spark-clothing-shop\\src\\pages\\AboutPage\\AboutPage.js","statementMap":{"0":{"start":{"line":6,"column":18},"end":{"line":43,"column":1}},"1":{"start":{"line":7,"column":2},"end":{"line":42,"column":4}}},"fnMap":{"0":{"name":"(anonymous_0)","decl":{"start":{"line":6,"column":18},"end":{"line":6,"column":19}},"loc":{"start":{"line":6,"column":24},"end":{"line":43,"column":1}},"line":6}},"branchMap":{},"s":{"0":2,"1":3},"f":{"0":3},"b":{},"_coverageSchema":"1a1c01bbd47fc00a2c39e90264f33305004495a9","hash":"f7c781e3f8b352078d7d0abd33ce6e91c580ca6e"}
,"C:\\react-course-dec-2022\\spark-clothing-shop\\src\\pages\\AboutPage\\AboutPageContent\\AboutPageContent.js": {"path":"C:\\react-course-dec-2022\\spark-clothing-shop\\src\\pages\\AboutPage\\AboutPageContent\\AboutPageContent.js","statementMap":{"0":{"start":{"line":4,"column":25},"end":{"line":38,"column":1}},"1":{"start":{"line":5,"column":2},"end":{"line":37,"column":4}}},"fnMap":{"0":{"name":"(anonymous_0)","decl":{"start":{"line":4,"column":25},"end":{"line":4,"column":26}},"loc":{"start":{"line":4,"column":31},"end":{"line":38,"column":1}},"line":4}},"branchMap":{},"s":{"0":3,"1":1},"f":{"0":1},"b":{},"_coverageSchema":"1a1c01bbd47fc00a2c39e90264f33305004495a9","hash":"e3ce74e73d997ffc515651685c44fced8cbb4462"}
,"C:\\react-course-dec-2022\\spark-clothing-shop\\src\\pages\\ContactUsPage\\ContactUsPage.js": {"path":"C:\\react-course-dec-2022\\spark-clothing-shop\\src\\pages\\ContactUsPage\\ContactUsPage.js","statementMap":{"0":{"start":{"line":11,"column":22},"end":{"line":130,"column":1}},"1":{"start":{"line":13,"column":36},"end":{"line":13,"column":50}},"2":{"start":{"line":14,"column":32},"end":{"line":14,"column":46}},"3":{"start":{"line":15,"column":40},"end":{"line":15,"column":52}},"4":{"start":{"line":17,"column":2},"end":{"line":32,"column":9}},"5":{"start":{"line":20,"column":4},"end":{"line":31,"column":9}},"6":{"start":{"line":23,"column":8},"end":{"line":23,"column":28}},"7":{"start":{"line":24,"column":8},"end":{"line":24,"column":26}},"8":{"start":{"line":25,"column":8},"end":{"line":25,"column":34}},"9":{"start":{"line":28,"column":8},"end":{"line":28,"column":28}},"10":{"start":{"line":29,"column":8},"end":{"line":29,"column":25}},"11":{"start":{"line":30,"column":8},"end":{"line":30,"column":27}},"12":{"start":{"line":34,"column":2},"end":{"line":44,"column":3}},"13":{"start":{"line":35,"column":4},"end":{"line":43,"column":6}},"14":{"start":{"line":47,"column":2},"end":{"line":53,"column":3}},"15":{"start":{"line":48,"column":4},"end":{"line":52,"column":6}},"16":{"start":{"line":55,"column":2},"end":{"line":129,"column":4}}},"fnMap":{"0":{"name":"(anonymous_0)","decl":{"start":{"line":11,"column":22},"end":{"line":11,"column":23}},"loc":{"start":{"line":11,"column":28},"end":{"line":130,"column":1}},"line":11},"1":{"name":"(anonymous_1)","decl":{"start":{"line":17,"column":12},"end":{"line":17,"column":13}},"loc":{"start":{"line":17,"column":18},"end":{"line":32,"column":3}},"line":17},"2":{"name":"(anonymous_2)","decl":{"start":{"line":21,"column":12},"end":{"line":21,"column":13}},"loc":{"start":{"line":21,"column":27},"end":{"line":26,"column":7}},"line":21},"3":{"name":"(anonymous_3)","decl":{"start":{"line":27,"column":13},"end":{"line":27,"column":14}},"loc":{"start":{"line":27,"column":22},"end":{"line":31,"column":7}},"line":27}},"branchMap":{"0":{"loc":{"start":{"line":34,"column":2},"end":{"line":44,"column":3}},"type":"if","locations":[{"start":{"line":34,"column":2},"end":{"line":44,"column":3}},{"start":{},"end":{}}],"line":34},"1":{"loc":{"start":{"line":47,"column":2},"end":{"line":53,"column":3}},"type":"if","locations":[{"start":{"line":47,"column":2},"end":{"line":53,"column":3}},{"start":{},"end":{}}],"line":47}},"s":{"0":3,"1":5,"2":5,"3":5,"4":5,"5":3,"6":2,"7":2,"8":2,"9":1,"10":1,"11":1,"12":5,"13":3,"14":2,"15":1,"16":1},"f":{"0":5,"1":3,"2":2,"3":1},"b":{"0":[3,2],"1":[1,1]},"_coverageSchema":"1a1c01bbd47fc00a2c39e90264f33305004495a9","hash":"e2e64a7e9465a5ae2130bfa1e2a044301b35e989"}
,"C:\\react-course-dec-2022\\spark-clothing-shop\\src\\pages\\ContactUsPage\\GetInTouch\\GetInTouch.js": {"path":"C:\\react-course-dec-2022\\spark-clothing-shop\\src\\pages\\ContactUsPage\\GetInTouch\\GetInTouch.js","statementMap":{"0":{"start":{"line":6,"column":19},"end":{"line":150,"column":1}},"1":{"start":{"line":8,"column":32},"end":{"line":8,"column":47}},"2":{"start":{"line":9,"column":32},"end":{"line":9,"column":47}},"3":{"start":{"line":12,"column":17},"end":{"line":41,"column":4}},"4":{"start":{"line":23,"column":6},"end":{"line":37,"column":11}},"5":{"start":{"line":31,"column":10},"end":{"line":31,"column":27}},"6":{"start":{"line":36,"column":10},"end":{"line":36,"column":27}},"7":{"start":{"line":39,"column":6},"end":{"line":39,"column":32}},"8":{"start":{"line":44,"column":2},"end":{"line":50,"column":3}},"9":{"start":{"line":45,"column":4},"end":{"line":49,"column":6}},"10":{"start":{"line":52,"column":2},"end":{"line":149,"column":4}}},"fnMap":{"0":{"name":"(anonymous_0)","decl":{"start":{"line":6,"column":19},"end":{"line":6,"column":20}},"loc":{"start":{"line":6,"column":25},"end":{"line":150,"column":1}},"line":6},"1":{"name":"(anonymous_1)","decl":{"start":{"line":20,"column":14},"end":{"line":20,"column":15}},"loc":{"start":{"line":20,"column":41},"end":{"line":40,"column":5}},"line":20},"2":{"name":"(anonymous_2)","decl":{"start":{"line":30,"column":14},"end":{"line":30,"column":15}},"loc":{"start":{"line":30,"column":23},"end":{"line":33,"column":9}},"line":30},"3":{"name":"(anonymous_3)","decl":{"start":{"line":35,"column":15},"end":{"line":35,"column":16}},"loc":{"start":{"line":35,"column":24},"end":{"line":37,"column":9}},"line":35}},"branchMap":{"0":{"loc":{"start":{"line":44,"column":2},"end":{"line":50,"column":3}},"type":"if","locations":[{"start":{"line":44,"column":2},"end":{"line":50,"column":3}},{"start":{},"end":{}}],"line":44},"1":{"loc":{"start":{"line":129,"column":15},"end":{"line":135,"column":15}},"type":"cond-expr","locations":[{"start":{"line":130,"column":16},"end":{"line":132,"column":22}},{"start":{"line":134,"column":16},"end":{"line":134,"column":18}}],"line":129}},"s":{"0":3,"1":18,"2":17,"3":17,"4":2,"5":1,"6":0,"7":2,"8":17,"9":0,"10":17},"f":{"0":18,"1":2,"2":1,"3":0},"b":{"0":[0,17],"1":[1,16]},"_coverageSchema":"1a1c01bbd47fc00a2c39e90264f33305004495a9","hash":"4cd4c20d89a0c5a7665f390c07b25526f1ff5e20"}
,"C:\\react-course-dec-2022\\spark-clothing-shop\\src\\pages\\HomePage\\HomePage.js": {"path":"C:\\react-course-dec-2022\\spark-clothing-shop\\src\\pages\\HomePage\\HomePage.js","statementMap":{"0":{"start":{"line":6,"column":17},"end":{"line":107,"column":1}},"1":{"start":{"line":7,"column":25},"end":{"line":30,"column":3}},"2":{"start":{"line":32,"column":23},"end":{"line":47,"column":3}},"3":{"start":{"line":49,"column":2},"end":{"line":106,"column":4}},"4":{"start":{"line":68,"column":14},"end":{"line":74,"column":20}},"5":{"start":{"line":79,"column":14},"end":{"line":91,"column":23}}},"fnMap":{"0":{"name":"(anonymous_0)","decl":{"start":{"line":6,"column":17},"end":{"line":6,"column":18}},"loc":{"start":{"line":6,"column":23},"end":{"line":107,"column":1}},"line":6},"1":{"name":"(anonymous_1)","decl":{"start":{"line":67,"column":32},"end":{"line":67,"column":33}},"loc":{"start":{"line":68,"column":14},"end":{"line":74,"column":20}},"line":68},"2":{"name":"(anonymous_2)","decl":{"start":{"line":78,"column":30},"end":{"line":78,"column":31}},"loc":{"start":{"line":79,"column":14},"end":{"line":91,"column":23}},"line":79}},"branchMap":{},"s":{"0":3,"1":5,"2":5,"3":5,"4":15,"5":10},"f":{"0":5,"1":15,"2":10},"b":{},"_coverageSchema":"1a1c01bbd47fc00a2c39e90264f33305004495a9","hash":"32ac6d4608a84ac2330119aeae346336ac28b16c"}
,"C:\\react-course-dec-2022\\spark-clothing-shop\\src\\pages\\ProductsPage\\Products.js": {"path":"C:\\react-course-dec-2022\\spark-clothing-shop\\src\\pages\\ProductsPage\\Products.js","statementMap":{"0":{"start":{"line":12,"column":17},"end":{"line":205,"column":1}},"1":{"start":{"line":13,"column":25},"end":{"line":46,"column":3}},"2":{"start":{"line":49,"column":34},"end":{"line":49,"column":44}},"3":{"start":{"line":50,"column":32},"end":{"line":50,"column":47}},"4":{"start":{"line":52,"column":2},"end":{"line":62,"column":9}},"5":{"start":{"line":54,"column":4},"end":{"line":61,"column":9}},"6":{"start":{"line":56,"column":8},"end":{"line":56,"column":25}},"7":{"start":{"line":60,"column":8},"end":{"line":60,"column":25}},"8":{"start":{"line":65,"column":2},"end":{"line":71,"column":3}},"9":{"start":{"line":66,"column":4},"end":{"line":70,"column":6}},"10":{"start":{"line":74,"column":12},"end":{"line":74,"column":16}},"11":{"start":{"line":75,"column":25},"end":{"line":87,"column":3}},"12":{"start":{"line":77,"column":4},"end":{"line":83,"column":5}},"13":{"start":{"line":79,"column":6},"end":{"line":79,"column":66}},"14":{"start":{"line":80,"column":11},"end":{"line":83,"column":5}},"15":{"start":{"line":82,"column":6},"end":{"line":82,"column":45}},"16":{"start":{"line":84,"column":4},"end":{"line":86,"column":7}},"17":{"start":{"line":85,"column":6},"end":{"line":85,"column":23}},"18":{"start":{"line":89,"column":2},"end":{"line":204,"column":4}},"19":{"start":{"line":111,"column":20},"end":{"line":119,"column":27}},"20":{"start":{"line":115,"column":39},"end":{"line":115,"column":67}},"21":{"start":{"line":150,"column":20},"end":{"line":194,"column":22}}},"fnMap":{"0":{"name":"(anonymous_0)","decl":{"start":{"line":12,"column":17},"end":{"line":12,"column":18}},"loc":{"start":{"line":12,"column":23},"end":{"line":205,"column":1}},"line":12},"1":{"name":"(anonymous_1)","decl":{"start":{"line":52,"column":12},"end":{"line":52,"column":13}},"loc":{"start":{"line":52,"column":18},"end":{"line":62,"column":3}},"line":52},"2":{"name":"(anonymous_2)","decl":{"start":{"line":55,"column":12},"end":{"line":55,"column":13}},"loc":{"start":{"line":55,"column":21},"end":{"line":57,"column":7}},"line":55},"3":{"name":"(anonymous_3)","decl":{"start":{"line":59,"column":13},"end":{"line":59,"column":14}},"loc":{"start":{"line":59,"column":22},"end":{"line":61,"column":7}},"line":59},"4":{"name":"(anonymous_4)","decl":{"start":{"line":75,"column":25},"end":{"line":75,"column":26}},"loc":{"start":{"line":75,"column":39},"end":{"line":87,"column":3}},"line":75},"5":{"name":"(anonymous_5)","decl":{"start":{"line":84,"column":23},"end":{"line":84,"column":24}},"loc":{"start":{"line":84,"column":32},"end":{"line":86,"column":5}},"line":84},"6":{"name":"(anonymous_6)","decl":{"start":{"line":103,"column":18},"end":{"line":103,"column":19}},"loc":{"start":{"line":111,"column":20},"end":{"line":119,"column":27}},"line":111},"7":{"name":"(anonymous_7)","decl":{"start":{"line":115,"column":33},"end":{"line":115,"column":34}},"loc":{"start":{"line":115,"column":39},"end":{"line":115,"column":67}},"line":115},"8":{"name":"(anonymous_8)","decl":{"start":{"line":139,"column":18},"end":{"line":139,"column":19}},"loc":{"start":{"line":149,"column":24},"end":{"line":195,"column":19}},"line":149}},"branchMap":{"0":{"loc":{"start":{"line":65,"column":2},"end":{"line":71,"column":3}},"type":"if","locations":[{"start":{"line":65,"column":2},"end":{"line":71,"column":3}},{"start":{},"end":{}}],"line":65},"1":{"loc":{"start":{"line":77,"column":4},"end":{"line":83,"column":5}},"type":"if","locations":[{"start":{"line":77,"column":4},"end":{"line":83,"column":5}},{"start":{"line":80,"column":11},"end":{"line":83,"column":5}}],"line":77},"2":{"loc":{"start":{"line":80,"column":11},"end":{"line":83,"column":5}},"type":"if","locations":[{"start":{"line":80,"column":11},"end":{"line":83,"column":5}},{"start":{},"end":{}}],"line":80},"3":{"loc":{"start":{"line":137,"column":15},"end":{"line":196,"column":17}},"type":"binary-expr","locations":[{"start":{"line":137,"column":15},"end":{"line":137,"column":23}},{"start":{"line":138,"column":16},"end":{"line":196,"column":17}}],"line":137}},"s":{"0":3,"1":8,"2":8,"3":8,"4":8,"5":5,"6":4,"7":1,"8":8,"9":1,"10":7,"11":7,"12":3,"13":3,"14":0,"15":0,"16":3,"17":3,"18":7,"19":28,"20":3,"21":1},"f":{"0":8,"1":5,"2":4,"3":1,"4":3,"5":3,"6":28,"7":3,"8":1},"b":{"0":[1,7],"1":[3,0],"2":[0,0],"3":[7,1]},"_coverageSchema":"1a1c01bbd47fc00a2c39e90264f33305004495a9","hash":"befb4244f33a134df38a47ab459f53176f88e7f7"}
,"C:\\react-course-dec-2022\\spark-clothing-shop\\src\\pages\\ProductsPage\\FeedbackForm\\FeedbackForm.js": {"path":"C:\\react-course-dec-2022\\spark-clothing-shop\\src\\pages\\ProductsPage\\FeedbackForm\\FeedbackForm.js","statementMap":{"0":{"start":{"line":5,"column":21},"end":{"line":193,"column":1}},"1":{"start":{"line":7,"column":32},"end":{"line":7,"column":47}},"2":{"start":{"line":8,"column":32},"end":{"line":8,"column":47}},"3":{"start":{"line":11,"column":17},"end":{"line":38,"column":4}},"4":{"start":{"line":22,"column":6},"end":{"line":34,"column":11}},"5":{"start":{"line":30,"column":10},"end":{"line":30,"column":27}},"6":{"start":{"line":33,"column":10},"end":{"line":33,"column":27}},"7":{"start":{"line":36,"column":6},"end":{"line":36,"column":32}},"8":{"start":{"line":41,"column":19},"end":{"line":41,"column":24}},"9":{"start":{"line":44,"column":2},"end":{"line":51,"column":3}},"10":{"start":{"line":45,"column":4},"end":{"line":45,"column":77}},"11":{"start":{"line":45,"column":41},"end":{"line":45,"column":75}},"12":{"start":{"line":48,"column":4},"end":{"line":50,"column":5}},"13":{"start":{"line":49,"column":6},"end":{"line":49,"column":24}},"14":{"start":{"line":54,"column":2},"end":{"line":60,"column":3}},"15":{"start":{"line":55,"column":4},"end":{"line":59,"column":6}},"16":{"start":{"line":62,"column":2},"end":{"line":192,"column":4}}},"fnMap":{"0":{"name":"(anonymous_0)","decl":{"start":{"line":5,"column":21},"end":{"line":5,"column":22}},"loc":{"start":{"line":5,"column":32},"end":{"line":193,"column":1}},"line":5},"1":{"name":"(anonymous_1)","decl":{"start":{"line":20,"column":14},"end":{"line":20,"column":15}},"loc":{"start":{"line":20,"column":41},"end":{"line":37,"column":5}},"line":20},"2":{"name":"(anonymous_2)","decl":{"start":{"line":29,"column":14},"end":{"line":29,"column":15}},"loc":{"start":{"line":29,"column":23},"end":{"line":31,"column":9}},"line":29},"3":{"name":"(anonymous_3)","decl":{"start":{"line":32,"column":15},"end":{"line":32,"column":16}},"loc":{"start":{"line":32,"column":24},"end":{"line":34,"column":9}},"line":32},"4":{"name":"(anonymous_4)","decl":{"start":{"line":45,"column":31},"end":{"line":45,"column":32}},"loc":{"start":{"line":45,"column":41},"end":{"line":45,"column":75}},"line":45}},"branchMap":{"0":{"loc":{"start":{"line":44,"column":2},"end":{"line":51,"column":3}},"type":"if","locations":[{"start":{"line":44,"column":2},"end":{"line":51,"column":3}},{"start":{},"end":{}}],"line":44},"1":{"loc":{"start":{"line":48,"column":4},"end":{"line":50,"column":5}},"type":"if","locations":[{"start":{"line":48,"column":4},"end":{"line":50,"column":5}},{"start":{},"end":{}}],"line":48},"2":{"loc":{"start":{"line":54,"column":2},"end":{"line":60,"column":3}},"type":"if","locations":[{"start":{"line":54,"column":2},"end":{"line":60,"column":3}},{"start":{},"end":{}}],"line":54},"3":{"loc":{"start":{"line":163,"column":11},"end":{"line":169,"column":11}},"type":"cond-expr","locations":[{"start":{"line":164,"column":12},"end":{"line":166,"column":18}},{"start":{"line":168,"column":12},"end":{"line":168,"column":14}}],"line":163},"4":{"loc":{"start":{"line":173,"column":11},"end":{"line":185,"column":11}},"type":"cond-expr","locations":[{"start":{"line":174,"column":12},"end":{"line":182,"column":18}},{"start":{"line":184,"column":12},"end":{"line":184,"column":14}}],"line":173}},"s":{"0":4,"1":8,"2":7,"3":7,"4":1,"5":0,"6":0,"7":0,"8":7,"9":7,"10":0,"11":0,"12":0,"13":0,"14":7,"15":0,"16":7},"f":{"0":8,"1":1,"2":0,"3":0,"4":0},"b":{"0":[0,7],"1":[0,0],"2":[0,7],"3":[0,7],"4":[0,7]},"_coverageSchema":"1a1c01bbd47fc00a2c39e90264f33305004495a9","hash":"d27f4d029169039f91f72aba77ac673ac416330e"}
,"C:\\react-course-dec-2022\\spark-clothing-shop\\src\\pages\\ProductsPage\\ProductDetails\\ProductDetails.js": {"path":"C:\\react-course-dec-2022\\spark-clothing-shop\\src\\pages\\ProductsPage\\ProductDetails\\ProductDetails.js","statementMap":{"0":{"start":{"line":12,"column":23},"end":{"line":163,"column":1}},"1":{"start":{"line":14,"column":32},"end":{"line":14,"column":44}},"2":{"start":{"line":15,"column":34},"end":{"line":15,"column":46}},"3":{"start":{"line":16,"column":28},"end":{"line":16,"column":40}},"4":{"start":{"line":17,"column":32},"end":{"line":17,"column":47}},"5":{"start":{"line":20,"column":17},"end":{"line":20,"column":28}},"6":{"start":{"line":22,"column":2},"end":{"line":34,"column":18}},"7":{"start":{"line":24,"column":4},"end":{"line":33,"column":9}},"8":{"start":{"line":26,"column":8},"end":{"line":26,"column":24}},"9":{"start":{"line":27,"column":8},"end":{"line":27,"column":34}},"10":{"start":{"line":28,"column":8},"end":{"line":28,"column":31}},"11":{"start":{"line":32,"column":8},"end":{"line":32,"column":25}},"12":{"start":{"line":37,"column":2},"end":{"line":43,"column":3}},"13":{"start":{"line":38,"column":4},"end":{"line":42,"column":6}},"14":{"start":{"line":46,"column":23},"end":{"line":46,"column":27}},"15":{"start":{"line":47,"column":2},"end":{"line":57,"column":5}},"16":{"start":{"line":48,"column":4},"end":{"line":56,"column":6}},"17":{"start":{"line":59,"column":2},"end":{"line":162,"column":4}}},"fnMap":{"0":{"name":"(anonymous_0)","decl":{"start":{"line":12,"column":23},"end":{"line":12,"column":24}},"loc":{"start":{"line":12,"column":29},"end":{"line":163,"column":1}},"line":12},"1":{"name":"(anonymous_1)","decl":{"start":{"line":22,"column":12},"end":{"line":22,"column":13}},"loc":{"start":{"line":22,"column":18},"end":{"line":34,"column":3}},"line":22},"2":{"name":"(anonymous_2)","decl":{"start":{"line":25,"column":12},"end":{"line":25,"column":13}},"loc":{"start":{"line":25,"column":21},"end":{"line":29,"column":7}},"line":25},"3":{"name":"(anonymous_3)","decl":{"start":{"line":30,"column":13},"end":{"line":30,"column":14}},"loc":{"start":{"line":30,"column":22},"end":{"line":33,"column":7}},"line":30},"4":{"name":"(anonymous_4)","decl":{"start":{"line":47,"column":32},"end":{"line":47,"column":33}},"loc":{"start":{"line":47,"column":42},"end":{"line":57,"column":3}},"line":47}},"branchMap":{"0":{"loc":{"start":{"line":37,"column":2},"end":{"line":43,"column":3}},"type":"if","locations":[{"start":{"line":37,"column":2},"end":{"line":43,"column":3}},{"start":{},"end":{}}],"line":37},"1":{"loc":{"start":{"line":138,"column":21},"end":{"line":146,"column":21}},"type":"cond-expr","locations":[{"start":{"line":139,"column":22},"end":{"line":139,"column":36}},{"start":{"line":141,"column":22},"end":{"line":145,"column":28}}],"line":138}},"s":{"0":3,"1":6,"2":5,"3":5,"4":5,"5":5,"6":5,"7":4,"8":3,"9":3,"10":3,"11":1,"12":5,"13":1,"14":4,"15":4,"16":0,"17":4},"f":{"0":6,"1":4,"2":3,"3":1,"4":0},"b":{"0":[1,4],"1":[0,4]},"_coverageSchema":"1a1c01bbd47fc00a2c39e90264f33305004495a9","hash":"236baf719c6f6c552bbd05f10caac8dad93fb982"}
,"C:\\react-course-dec-2022\\spark-clothing-shop\\src\\routes\\AppRoutes\\AppRoutes.js": {"path":"C:\\react-course-dec-2022\\spark-clothing-shop\\src\\routes\\AppRoutes\\AppRoutes.js","statementMap":{"0":{"start":{"line":12,"column":18},"end":{"line":12,"column":77}},"1":{"start":{"line":12,"column":35},"end":{"line":12,"column":76}},"2":{"start":{"line":14,"column":18},"end":{"line":36,"column":1}},"3":{"start":{"line":15,"column":2},"end":{"line":35,"column":4}}},"fnMap":{"0":{"name":"(anonymous_0)","decl":{"start":{"line":12,"column":29},"end":{"line":12,"column":30}},"loc":{"start":{"line":12,"column":35},"end":{"line":12,"column":76}},"line":12},"1":{"name":"(anonymous_1)","decl":{"start":{"line":14,"column":18},"end":{"line":14,"column":19}},"loc":{"start":{"line":14,"column":24},"end":{"line":36,"column":1}},"line":14}},"branchMap":{},"s":{"0":2,"1":1,"2":2,"3":6},"f":{"0":1,"1":6},"b":{},"_coverageSchema":"1a1c01bbd47fc00a2c39e90264f33305004495a9","hash":"e7aacac6be65ba894692cd8a02ddac5579d29701"}
}
